{
  "stats": {
    "suites": 1,
    "tests": 1,
    "passes": 1,
    "pending": 0,
    "failures": 0,
    "start": "2024-07-23T05:15:31.860Z",
    "end": "2024-07-23T05:15:42.873Z",
    "duration": 11013,
    "testsRegistered": 1,
    "passPercent": 100,
    "pendingPercent": 0,
    "other": 0,
    "hasOther": false,
    "skipped": 0,
    "hasSkipped": false
  },
  "results": [
    {
      "uuid": "ad10bc2c-2c0e-4bdc-9e13-718c5c677153",
      "title": "",
      "fullFile": "cypress/integrations/tests/webSearchAndAddProduct.spec.js",
      "file": "cypress/integrations/tests/webSearchAndAddProduct.spec.js",
      "beforeHooks": [],
      "afterHooks": [],
      "tests": [],
      "suites": [
        {
          "uuid": "c3de63f3-895e-43d4-b273-0fa7c9da9929",
          "title": "Search and add products to cart on the website",
          "fullFile": "",
          "file": "",
          "beforeHooks": [],
          "afterHooks": [],
          "tests": [
            {
              "title": "should search for a product and add it to the cart",
              "fullTitle": "Search and add products to cart on the website should search for a product and add it to the cart",
              "timedOut": null,
              "duration": 10969,
              "state": "passed",
              "speed": "slow",
              "pass": true,
              "fail": false,
              "pending": false,
              "context": null,
              "code": "cy.wrap(user).as('actor').then(() => {\n  new _WebSearchForProduct.default('Laptop').performAs(user);\n  new _WebAddProductToCart.default().performAs(user);\n  _PageTitle.default.verifyContains('Advantage Shopping');\n  _WebCartContent.default.verifyItemInCart();\n});",
              "err": {},
              "uuid": "ce9ff628-50e4-488d-9002-8af6b13d00b7",
              "parentUUID": "c3de63f3-895e-43d4-b273-0fa7c9da9929",
              "isHook": false,
              "skipped": false
            }
          ],
          "suites": [],
          "passes": [
            "ce9ff628-50e4-488d-9002-8af6b13d00b7"
          ],
          "failures": [],
          "pending": [],
          "skipped": [],
          "duration": 10969,
          "root": false,
          "rootEmpty": false,
          "_timeout": 2000
        }
      ],
      "passes": [],
      "failures": [],
      "pending": [],
      "skipped": [],
      "duration": 0,
      "root": true,
      "rootEmpty": true,
      "_timeout": 2000
    }
  ],
  "meta": {
    "mocha": {
      "version": "7.0.1"
    },
    "mochawesome": {
      "options": {
        "quiet": false,
        "reportFilename": "report-[name]",
        "saveHtml": false,
        "saveJson": true,
        "consoleReporter": "spec",
        "useInlineDiffs": false,
        "code": true
      },
      "version": "7.1.3"
    },
    "marge": {
      "options": {
        "reportDir": "cypress/reports",
        "overwrite": false,
        "html": false,
        "json": true,
        "reportFilename": "report-[name]"
      },
      "version": "6.2.0"
    }
  }
}