{
  "stats": {
    "suites": 1,
    "tests": 1,
    "passes": 1,
    "pending": 0,
    "failures": 0,
    "start": "2024-07-23T05:15:04.914Z",
    "end": "2024-07-23T05:15:19.668Z",
    "duration": 14754,
    "testsRegistered": 1,
    "passPercent": 100,
    "pendingPercent": 0,
    "other": 0,
    "hasOther": false,
    "skipped": 0,
    "hasSkipped": false
  },
  "results": [
    {
      "uuid": "29fce72b-6998-42cb-8193-5ab90a8825c0",
      "title": "",
      "fullFile": "cypress/integrations/tests/addLaptopToCart.spec.js",
      "file": "cypress/integrations/tests/addLaptopToCart.spec.js",
      "beforeHooks": [],
      "afterHooks": [],
      "tests": [],
      "suites": [
        {
          "uuid": "cb838568-fd97-4eea-9c76-6a96569ec7fe",
          "title": "Add product to cart on the website",
          "fullFile": "",
          "file": "",
          "beforeHooks": [],
          "afterHooks": [],
          "tests": [
            {
              "title": "should select the category Laptops, choose HP CHROMEBOOK 14 G1(ES), and add it to the cart",
              "fullTitle": "Add product to cart on the website should select the category Laptops, choose HP CHROMEBOOK 14 G1(ES), and add it to the cart",
              "timedOut": null,
              "duration": 14708,
              "state": "passed",
              "speed": "slow",
              "pass": true,
              "fail": false,
              "pending": false,
              "context": null,
              "code": "// Visitar la página de inicio\ncy.visit('/');\n// Seleccionar la categoría \"Laptops\" en la sección \"OUR PRODUCTS\"\ncy.get('#laptopsImg', {\n  timeout: 10000\n}).should('be.visible').click(); // Ajusta el selector según el HTML de tu página\n// Esperar a que la página de productos se cargue\ncy.url().should('include', '/Laptops/1');\n// Seleccionar el producto \"HP CHROMEBOOK 14 G1(ES)\"\ncy.get('#10').click(); // Ajusta el texto según el HTML de tu página\n// Esperar a que la página del producto se cargue\ncy.url().should('include', '/product/');\n// Agregar el producto al carrito\ncy.get('#productProperties .roboto-medium').contains('ADD TO CART').click(); // Ajusta el selector según el HTML de tu página\n// Verificar que el producto ha sido agregado al carrito\ncy.get('#shoppingCartLink').click();\ncy.url().should('include', '/shoppingCart');\ncy.contains('HP CHROMEBOOK 14 G1(ES)').should('exist'); // Verifica que el producto está en el carrito",
              "err": {},
              "uuid": "b7c1b9c7-4d61-4ad1-8cfb-44ac7953ca06",
              "parentUUID": "cb838568-fd97-4eea-9c76-6a96569ec7fe",
              "isHook": false,
              "skipped": false
            }
          ],
          "suites": [],
          "passes": [
            "b7c1b9c7-4d61-4ad1-8cfb-44ac7953ca06"
          ],
          "failures": [],
          "pending": [],
          "skipped": [],
          "duration": 14708,
          "root": false,
          "rootEmpty": false,
          "_timeout": 2000
        }
      ],
      "passes": [],
      "failures": [],
      "pending": [],
      "skipped": [],
      "duration": 0,
      "root": true,
      "rootEmpty": true,
      "_timeout": 2000
    }
  ],
  "meta": {
    "mocha": {
      "version": "7.0.1"
    },
    "mochawesome": {
      "options": {
        "quiet": false,
        "reportFilename": "report-[name]",
        "saveHtml": false,
        "saveJson": true,
        "consoleReporter": "spec",
        "useInlineDiffs": false,
        "code": true
      },
      "version": "7.1.3"
    },
    "marge": {
      "options": {
        "reportDir": "cypress/reports",
        "overwrite": false,
        "html": false,
        "json": true,
        "reportFilename": "report-[name]"
      },
      "version": "6.2.0"
    }
  }
}